{"level":"info","message":"Connected to MongoDB","timestamp":"2024-04-16T13:06:31.569Z"}
{"level":"info","message":"Server is running on port 3000","timestamp":"2024-04-16T13:06:31.576Z"}
{"level":"info","message":"Connected to MongoDB","timestamp":"2024-04-16T13:06:41.086Z"}
{"level":"info","message":"Server is running on port 3000","timestamp":"2024-04-16T13:06:41.091Z"}
{"level":"info","message":"Connected to MongoDB","timestamp":"2024-04-16T13:06:50.104Z"}
{"level":"info","message":"Server is running on port 3000","timestamp":"2024-04-16T13:06:50.111Z"}
{"level":"info","message":"Connected to MongoDB","timestamp":"2024-04-16T13:07:12.791Z"}
{"level":"info","message":"Server is running on port 3000","timestamp":"2024-04-16T13:07:12.795Z"}
{"level":"info","message":"Connected to MongoDB","timestamp":"2024-04-19T00:40:02.986Z"}
{"level":"info","message":"Server is running on port 3000","timestamp":"2024-04-19T00:40:02.991Z"}
{"level":"info","message":"Login successful for user jjdhsdjhjjjdshddddd","timestamp":"2024-04-19T00:41:23.871Z"}
{"level":"info","message":"Connected to MongoDB","timestamp":"2024-04-19T00:46:00.759Z"}
{"level":"info","message":"Server is running on port 3000","timestamp":"2024-04-19T00:46:00.763Z"}
{"level":"info","message":"Connected to MongoDB","timestamp":"2024-04-19T00:48:20.156Z"}
{"level":"info","message":"Server is running on port 3000","timestamp":"2024-04-19T00:48:20.161Z"}
{"code":"LIMIT_UNEXPECTED_FILE","field":"files","level":"error","message":"Internal server error: Unexpected field","name":"MulterError","stack":"MulterError: Unexpected field\n    at wrappedFileFilter (C:\\Users\\Anjana Kj\\PycharmProjects\\justicevault3\\backend\\node_modules\\multer\\index.js:40:19)\n    at Multipart.<anonymous> (C:\\Users\\Anjana Kj\\PycharmProjects\\justicevault3\\backend\\node_modules\\multer\\lib\\make-middleware.js:107:7)\n    at Multipart.emit (node:events:517:28)\n    at Multipart.emit (node:domain:489:12)\n    at HeaderParser.cb (C:\\Users\\Anjana Kj\\PycharmProjects\\justicevault3\\backend\\node_modules\\busboy\\lib\\types\\multipart.js:358:14)\n    at HeaderParser.push (C:\\Users\\Anjana Kj\\PycharmProjects\\justicevault3\\backend\\node_modules\\busboy\\lib\\types\\multipart.js:162:20)\n    at SBMH.ssCb [as _cb] (C:\\Users\\Anjana Kj\\PycharmProjects\\justicevault3\\backend\\node_modules\\busboy\\lib\\types\\multipart.js:394:37)\n    at feed (C:\\Users\\Anjana Kj\\PycharmProjects\\justicevault3\\backend\\node_modules\\streamsearch\\lib\\sbmh.js:248:10)\n    at SBMH.push (C:\\Users\\Anjana Kj\\PycharmProjects\\justicevault3\\backend\\node_modules\\streamsearch\\lib\\sbmh.js:104:16)\n    at Multipart._write (C:\\Users\\Anjana Kj\\PycharmProjects\\justicevault3\\backend\\node_modules\\busboy\\lib\\types\\multipart.js:567:19)","storageErrors":[],"timestamp":"2024-04-19T00:48:24.663Z"}
{"level":"info","message":"Connected to MongoDB","timestamp":"2024-04-19T00:50:22.581Z"}
{"level":"info","message":"Server is running on port 3000","timestamp":"2024-04-19T00:50:22.587Z"}
{"level":"info","message":"Connected to MongoDB","timestamp":"2024-04-19T00:51:31.011Z"}
{"level":"info","message":"Server is running on port 3000","timestamp":"2024-04-19T00:51:31.018Z"}
{"level":"info","message":"Connected to MongoDB","timestamp":"2024-04-19T00:52:45.222Z"}
{"level":"info","message":"Server is running on port 3000","timestamp":"2024-04-19T00:52:45.229Z"}
{"level":"info","message":"Connected to MongoDB","timestamp":"2024-04-19T00:53:48.706Z"}
{"level":"info","message":"Server is running on port 3000","timestamp":"2024-04-19T00:53:48.710Z"}
{"level":"info","message":"Connected to MongoDB","timestamp":"2024-04-19T00:54:17.059Z"}
{"level":"info","message":"Server is running on port 3000","timestamp":"2024-04-19T00:54:17.065Z"}
{"level":"info","message":"Connected to MongoDB","timestamp":"2024-04-19T12:53:40.597Z"}
{"level":"info","message":"Server is running on port 3000","timestamp":"2024-04-19T12:53:40.601Z"}
{"level":"info","message":"Login successful for user jjdhsdjhjjjdshddddd","timestamp":"2024-04-19T12:55:17.820Z"}
{"level":"info","message":"Connected to MongoDB","timestamp":"2024-04-19T12:58:47.502Z"}
{"level":"info","message":"Server is running on port 3000","timestamp":"2024-04-19T12:58:47.509Z"}
{"level":"info","message":"Connected to MongoDB","timestamp":"2024-04-19T13:01:04.605Z"}
{"level":"info","message":"Server is running on port 3000","timestamp":"2024-04-19T13:01:04.611Z"}
{"level":"info","message":"Connected to MongoDB","timestamp":"2024-04-19T13:01:29.319Z"}
{"level":"info","message":"Server is running on port 3000","timestamp":"2024-04-19T13:01:29.325Z"}
{"level":"info","message":"Connected to MongoDB","timestamp":"2024-04-19T13:01:54.266Z"}
{"level":"info","message":"Server is running on port 3000","timestamp":"2024-04-19T13:01:54.271Z"}
{"level":"info","message":"Connected to MongoDB","timestamp":"2024-04-19T13:06:16.393Z"}
{"level":"info","message":"Server is running on port 3000","timestamp":"2024-04-19T13:06:16.398Z"}
{"level":"info","message":"Connected to MongoDB","timestamp":"2024-04-19T13:09:06.147Z"}
{"level":"info","message":"Server is running on port 3000","timestamp":"2024-04-19T13:09:06.152Z"}
{"level":"info","message":"Connected to MongoDB","timestamp":"2024-04-19T13:09:56.694Z"}
{"level":"info","message":"Server is running on port 3000","timestamp":"2024-04-19T13:09:56.699Z"}
{"level":"info","message":"Connected to MongoDB","timestamp":"2024-04-19T13:10:58.697Z"}
{"level":"info","message":"Server is running on port 3000","timestamp":"2024-04-19T13:10:58.704Z"}
{"level":"info","message":"Connected to MongoDB","timestamp":"2024-04-19T13:11:52.336Z"}
{"level":"info","message":"Server is running on port 3000","timestamp":"2024-04-19T13:11:52.340Z"}
{"level":"info","message":"Connected to MongoDB","timestamp":"2024-04-19T13:14:27.323Z"}
{"level":"info","message":"Server is running on port 3000","timestamp":"2024-04-19T13:14:27.329Z"}
{"level":"info","message":"Connected to MongoDB","timestamp":"2024-04-19T13:16:02.425Z"}
{"level":"info","message":"Server is running on port 3000","timestamp":"2024-04-19T13:16:02.434Z"}
{"level":"info","message":"Connected to MongoDB","timestamp":"2024-04-19T13:16:26.191Z"}
{"level":"info","message":"Server is running on port 3000","timestamp":"2024-04-19T13:16:26.197Z"}
{"level":"info","message":"Connected to MongoDB","timestamp":"2024-04-19T13:36:02.729Z"}
{"level":"info","message":"Server is running on port 3000","timestamp":"2024-04-19T13:36:02.736Z"}
{"level":"info","message":"Connected to MongoDB","timestamp":"2024-04-19T13:37:16.802Z"}
{"level":"info","message":"Server is running on port 3000","timestamp":"2024-04-19T13:37:16.806Z"}
{"level":"info","message":"Connected to MongoDB","timestamp":"2024-04-19T13:38:24.902Z"}
{"level":"info","message":"Server is running on port 3000","timestamp":"2024-04-19T13:38:24.912Z"}
{"level":"info","message":"Connected to MongoDB","timestamp":"2024-04-19T13:39:28.137Z"}
{"level":"info","message":"Server is running on port 3000","timestamp":"2024-04-19T13:39:28.142Z"}
{"level":"info","message":"Connected to MongoDB","timestamp":"2024-04-19T13:39:47.705Z"}
{"level":"info","message":"Server is running on port 3000","timestamp":"2024-04-19T13:39:47.711Z"}
{"level":"info","message":"Connected to MongoDB","timestamp":"2024-04-19T13:40:31.527Z"}
{"level":"info","message":"Server is running on port 3000","timestamp":"2024-04-19T13:40:31.532Z"}
{"level":"info","message":"Connected to MongoDB","timestamp":"2024-04-19T13:40:44.535Z"}
{"level":"info","message":"Server is running on port 3000","timestamp":"2024-04-19T13:40:44.540Z"}
{"level":"info","message":"Connected to MongoDB","timestamp":"2024-04-19T13:49:15.229Z"}
{"level":"info","message":"Server is running on port 3000","timestamp":"2024-04-19T13:49:15.234Z"}
{"level":"info","message":"Connected to MongoDB","timestamp":"2024-04-19T13:49:45.146Z"}
{"level":"info","message":"Server is running on port 3000","timestamp":"2024-04-19T13:49:45.157Z"}
{"level":"info","message":"Connected to MongoDB","timestamp":"2024-04-19T13:55:50.000Z"}
{"level":"info","message":"Server is running on port 3000","timestamp":"2024-04-19T13:55:50.005Z"}
{"level":"info","message":"Login successful for user jjdhsdjhjjjdshddddd","timestamp":"2024-04-19T13:56:55.954Z"}
{"level":"info","message":"Connected to MongoDB","timestamp":"2024-04-19T13:59:19.832Z"}
{"level":"info","message":"Server is running on port 3000","timestamp":"2024-04-19T13:59:19.838Z"}
{"level":"info","message":"Connected to MongoDB","timestamp":"2024-04-19T16:11:56.699Z"}
{"level":"info","message":"Server is running on port 3000","timestamp":"2024-04-19T16:11:56.704Z"}
{"level":"info","message":"Login successful for user jjdhsdjhjjjdshddddd","timestamp":"2024-04-19T16:12:55.868Z"}
{"level":"info","message":"Connected to MongoDB","timestamp":"2024-04-19T16:20:17.133Z"}
{"level":"info","message":"Server is running on port 3000","timestamp":"2024-04-19T16:20:17.139Z"}
{"level":"info","message":"Connected to MongoDB","timestamp":"2024-04-19T16:21:33.236Z"}
{"level":"info","message":"Server is running on port 3000","timestamp":"2024-04-19T16:21:33.242Z"}
{"level":"info","message":"Connected to MongoDB","timestamp":"2024-04-19T16:22:22.348Z"}
{"level":"info","message":"Server is running on port 3000","timestamp":"2024-04-19T16:22:22.354Z"}
{"level":"info","message":"Connected to MongoDB","timestamp":"2024-04-19T16:24:01.333Z"}
{"level":"info","message":"Server is running on port 3000","timestamp":"2024-04-19T16:24:01.338Z"}
{"level":"info","message":"Connected to MongoDB","timestamp":"2024-04-19T16:24:18.668Z"}
{"level":"info","message":"Server is running on port 3000","timestamp":"2024-04-19T16:24:18.673Z"}
{"level":"info","message":"Connected to MongoDB","timestamp":"2024-04-20T09:58:14.192Z"}
{"level":"info","message":"Server is running on port 3000","timestamp":"2024-04-20T09:58:14.198Z"}
{"level":"info","message":"Login successful for user jjdhsdjhjjjdshddddd","timestamp":"2024-04-20T09:58:18.633Z"}
{"level":"info","message":"Connected to MongoDB","timestamp":"2024-04-20T10:21:29.179Z"}
{"level":"info","message":"Server is running on port 3000","timestamp":"2024-04-20T10:21:29.184Z"}
{"level":"info","message":"Connected to MongoDB","timestamp":"2024-04-20T11:23:10.438Z"}
{"level":"info","message":"Server is running on port 3000","timestamp":"2024-04-20T11:23:10.442Z"}
{"level":"info","message":"Login successful for user jjdhsdjhjjjdshddddd","timestamp":"2024-04-20T11:24:12.610Z"}
<<<<<<< HEAD
{"level":"error","message":"Error connecting to MongoDB: connect ECONNREFUSED 127.0.0.1:27017","reason":{"commonWireVersion":0,"compatible":true,"heartbeatFrequencyMS":10000,"localThresholdMS":15,"logicalSessionTimeoutMinutes":null,"maxElectionId":null,"maxSetVersion":null,"servers":{},"setName":null,"stale":false,"type":"Unknown"},"stack":"MongooseServerSelectionError: connect ECONNREFUSED 127.0.0.1:27017\n    at _handleConnectionErrors (C:\\Users\\anson.ANSON.000\\JusticeVaults\\backend\\node_modules\\mongoose\\lib\\connection.js:875:11)\n    at NativeConnection.openUri (C:\\Users\\anson.ANSON.000\\JusticeVaults\\backend\\node_modules\\mongoose\\lib\\connection.js:826:11)","timestamp":"2024-04-21T05:05:43.694Z"}
{"level":"error","message":"Error connecting to MongoDB: connect ECONNREFUSED 127.0.0.1:27017","reason":{"commonWireVersion":0,"compatible":true,"heartbeatFrequencyMS":10000,"localThresholdMS":15,"logicalSessionTimeoutMinutes":null,"maxElectionId":null,"maxSetVersion":null,"servers":{},"setName":null,"stale":false,"type":"Unknown"},"stack":"MongooseServerSelectionError: connect ECONNREFUSED 127.0.0.1:27017\n    at _handleConnectionErrors (C:\\Users\\anson.ANSON.000\\JusticeVaults\\backend\\node_modules\\mongoose\\lib\\connection.js:875:11)\n    at NativeConnection.openUri (C:\\Users\\anson.ANSON.000\\JusticeVaults\\backend\\node_modules\\mongoose\\lib\\connection.js:826:11)","timestamp":"2024-04-21T05:07:39.927Z"}
{"level":"error","message":"Error connecting to MongoDB: connect ECONNREFUSED 127.0.0.1:27017","reason":{"commonWireVersion":0,"compatible":true,"heartbeatFrequencyMS":10000,"localThresholdMS":15,"logicalSessionTimeoutMinutes":null,"maxElectionId":null,"maxSetVersion":null,"servers":{},"setName":null,"stale":false,"type":"Unknown"},"stack":"MongooseServerSelectionError: connect ECONNREFUSED 127.0.0.1:27017\n    at _handleConnectionErrors (C:\\Users\\anson.ANSON.000\\JusticeVaults\\backend\\node_modules\\mongoose\\lib\\connection.js:875:11)\n    at NativeConnection.openUri (C:\\Users\\anson.ANSON.000\\JusticeVaults\\backend\\node_modules\\mongoose\\lib\\connection.js:826:11)","timestamp":"2024-04-21T05:10:22.365Z"}
{"level":"error","message":"Error connecting to MongoDB: connect ECONNREFUSED 127.0.0.1:27017","reason":{"commonWireVersion":0,"compatible":true,"heartbeatFrequencyMS":10000,"localThresholdMS":15,"logicalSessionTimeoutMinutes":null,"maxElectionId":null,"maxSetVersion":null,"servers":{},"setName":null,"stale":false,"type":"Unknown"},"stack":"MongooseServerSelectionError: connect ECONNREFUSED 127.0.0.1:27017\n    at _handleConnectionErrors (C:\\Users\\anson.ANSON.000\\JusticeVaults\\backend\\node_modules\\mongoose\\lib\\connection.js:875:11)\n    at NativeConnection.openUri (C:\\Users\\anson.ANSON.000\\JusticeVaults\\backend\\node_modules\\mongoose\\lib\\connection.js:826:11)","timestamp":"2024-04-21T05:18:58.425Z"}
=======
{"level":"info","message":"Connected to MongoDB","timestamp":"2024-04-20T11:39:51.391Z"}
{"level":"info","message":"Server is running on port 3000","timestamp":"2024-04-20T11:39:51.397Z"}
{"caseId":"CS-780","description":"jnjnjnjjjjjjjjjjjjjjj","level":"info","message":"Case details added successfully","name":"ajajjkmmk","timestamp":"2024-04-20T11:40:12.110Z"}
{"level":"info","message":"Connected to MongoDB","timestamp":"2024-04-20T12:07:02.913Z"}
{"level":"info","message":"Server is running on port 3000","timestamp":"2024-04-20T12:07:02.921Z"}
{"level":"info","message":"Login successful for user jjdhsdjhjjjdshddddd","timestamp":"2024-04-20T12:07:34.895Z"}
{"level":"info","message":"Connected to MongoDB","timestamp":"2024-04-20T12:13:53.804Z"}
{"level":"info","message":"Server is running on port 3000","timestamp":"2024-04-20T12:13:53.850Z"}
{"level":"info","message":"Connected to MongoDB","timestamp":"2024-04-21T04:19:06.714Z"}
{"level":"info","message":"Server is running on port 3000","timestamp":"2024-04-21T04:19:06.737Z"}
{"level":"info","message":"Connected to MongoDB","timestamp":"2024-04-21T04:19:45.895Z"}
{"level":"info","message":"Server is running on port 3000","timestamp":"2024-04-21T04:19:45.901Z"}
{"level":"info","message":"Connected to MongoDB","timestamp":"2024-04-21T04:19:47.487Z"}
{"level":"info","message":"Server is running on port 3000","timestamp":"2024-04-21T04:19:47.493Z"}
{"level":"info","message":"Connected to MongoDB","timestamp":"2024-04-21T04:20:24.075Z"}
{"level":"info","message":"Server is running on port 3000","timestamp":"2024-04-21T04:20:24.080Z"}
{"level":"info","message":"Connected to MongoDB","timestamp":"2024-04-21T04:20:38.790Z"}
{"level":"info","message":"Server is running on port 3000","timestamp":"2024-04-21T04:20:38.799Z"}
{"level":"info","message":"Connected to MongoDB","timestamp":"2024-04-21T04:20:50.395Z"}
{"level":"info","message":"Server is running on port 3000","timestamp":"2024-04-21T04:20:50.400Z"}
{"level":"info","message":"Connected to MongoDB","timestamp":"2024-04-21T04:21:21.811Z"}
{"level":"info","message":"Server is running on port 3000","timestamp":"2024-04-21T04:21:21.818Z"}
{"level":"info","message":"Connected to MongoDB","timestamp":"2024-04-21T04:21:26.566Z"}
{"level":"info","message":"Server is running on port 3000","timestamp":"2024-04-21T04:21:26.572Z"}
{"level":"info","message":"Connected to MongoDB","timestamp":"2024-04-21T04:21:33.692Z"}
{"level":"info","message":"Server is running on port 3000","timestamp":"2024-04-21T04:21:33.697Z"}
{"level":"info","message":"Connected to MongoDB","timestamp":"2024-04-21T04:21:45.265Z"}
{"level":"info","message":"Server is running on port 3000","timestamp":"2024-04-21T04:21:45.275Z"}
{"level":"info","message":"Connected to MongoDB","timestamp":"2024-04-21T04:21:48.153Z"}
{"level":"info","message":"Server is running on port 3000","timestamp":"2024-04-21T04:21:48.158Z"}
{"level":"info","message":"Connected to MongoDB","timestamp":"2024-04-21T04:21:50.489Z"}
{"level":"info","message":"Server is running on port 3000","timestamp":"2024-04-21T04:21:50.500Z"}
{"level":"info","message":"Connected to MongoDB","timestamp":"2024-04-21T04:21:52.507Z"}
{"level":"info","message":"Server is running on port 3000","timestamp":"2024-04-21T04:21:52.512Z"}
{"level":"info","message":"Connected to MongoDB","timestamp":"2024-04-21T04:21:56.128Z"}
{"level":"info","message":"Server is running on port 3000","timestamp":"2024-04-21T04:21:56.137Z"}
{"level":"info","message":"Connected to MongoDB","timestamp":"2024-04-21T04:22:05.364Z"}
{"level":"info","message":"Server is running on port 3000","timestamp":"2024-04-21T04:22:05.370Z"}
{"level":"info","message":"Connected to MongoDB","timestamp":"2024-04-21T04:22:07.688Z"}
{"level":"info","message":"Server is running on port 3000","timestamp":"2024-04-21T04:22:07.698Z"}
{"level":"info","message":"Connected to MongoDB","timestamp":"2024-04-21T04:26:56.862Z"}
{"level":"info","message":"Server is running on port 3000","timestamp":"2024-04-21T04:26:56.872Z"}
{"level":"info","message":"Login successful for user jjdhsdjhjjjdshddddd","timestamp":"2024-04-21T04:29:31.552Z"}
{"level":"info","message":"Connected to MongoDB","timestamp":"2024-04-21T04:33:16.445Z"}
{"level":"info","message":"Server is running on port 3000","timestamp":"2024-04-21T04:33:16.449Z"}
{"level":"info","message":"Connected to MongoDB","timestamp":"2024-04-21T04:36:54.666Z"}
{"level":"info","message":"Server is running on port 3000","timestamp":"2024-04-21T04:36:54.674Z"}
{"level":"info","message":"Connected to MongoDB","timestamp":"2024-04-21T04:37:26.965Z"}
{"level":"info","message":"Server is running on port 3000","timestamp":"2024-04-21T04:37:26.970Z"}
{"level":"info","message":"Connected to MongoDB","timestamp":"2024-04-21T04:38:13.187Z"}
{"level":"info","message":"Server is running on port 3000","timestamp":"2024-04-21T04:38:13.195Z"}
{"level":"info","message":"Connected to MongoDB","timestamp":"2024-04-21T04:44:38.067Z"}
{"level":"info","message":"Server is running on port 3000","timestamp":"2024-04-21T04:44:38.076Z"}
{"level":"info","message":"Connected to MongoDB","timestamp":"2024-04-21T04:44:42.934Z"}
{"level":"info","message":"Server is running on port 3000","timestamp":"2024-04-21T04:44:42.939Z"}
{"level":"info","message":"Connected to MongoDB","timestamp":"2024-04-21T04:46:05.689Z"}
{"level":"info","message":"Server is running on port 3000","timestamp":"2024-04-21T04:46:05.693Z"}
{"level":"info","message":"Connected to MongoDB","timestamp":"2024-04-21T04:58:04.535Z"}
{"level":"info","message":"Server is running on port 3000","timestamp":"2024-04-21T04:58:04.541Z"}
{"level":"info","message":"Connected to MongoDB","timestamp":"2024-04-21T04:58:43.037Z"}
{"level":"info","message":"Server is running on port 3000","timestamp":"2024-04-21T04:58:43.043Z"}
{"level":"info","message":"Connected to MongoDB","timestamp":"2024-04-21T05:00:26.862Z"}
{"level":"info","message":"Server is running on port 3000","timestamp":"2024-04-21T05:00:26.871Z"}
{"level":"info","message":"Connected to MongoDB","timestamp":"2024-04-21T05:00:30.662Z"}
{"level":"info","message":"Server is running on port 3000","timestamp":"2024-04-21T05:00:30.672Z"}
{"level":"info","message":"Connected to MongoDB","timestamp":"2024-04-21T05:00:37.884Z"}
{"level":"info","message":"Server is running on port 3000","timestamp":"2024-04-21T05:00:37.890Z"}
{"level":"info","message":"Connected to MongoDB","timestamp":"2024-04-21T05:00:38.920Z"}
{"level":"info","message":"Server is running on port 3000","timestamp":"2024-04-21T05:00:38.925Z"}
{"level":"info","message":"Connected to MongoDB","timestamp":"2024-04-21T05:00:42.734Z"}
{"level":"info","message":"Server is running on port 3000","timestamp":"2024-04-21T05:00:42.738Z"}
{"level":"info","message":"Connected to MongoDB","timestamp":"2024-04-21T05:45:19.378Z"}
{"level":"info","message":"Server is running on port 3000","timestamp":"2024-04-21T05:45:19.384Z"}
{"level":"error","message":"File details for jjjjjjj not found in database","timestamp":"2024-04-21T05:45:37.732Z"}
{"level":"info","message":"Connected to MongoDB","timestamp":"2024-04-21T05:48:39.990Z"}
{"level":"info","message":"Server is running on port 3000","timestamp":"2024-04-21T05:48:39.996Z"}
{"level":"info","message":"Connected to MongoDB","timestamp":"2024-04-21T05:49:43.140Z"}
{"level":"info","message":"Server is running on port 3000","timestamp":"2024-04-21T05:49:43.148Z"}
{"level":"info","message":"Connected to MongoDB","timestamp":"2024-04-21T05:49:44.932Z"}
{"level":"info","message":"Server is running on port 3000","timestamp":"2024-04-21T05:49:44.937Z"}
{"level":"info","message":"Connected to MongoDB","timestamp":"2024-04-21T05:49:53.101Z"}
{"level":"info","message":"Server is running on port 3000","timestamp":"2024-04-21T05:49:53.108Z"}
{"level":"info","message":"Connected to MongoDB","timestamp":"2024-04-21T05:52:10.742Z"}
{"level":"info","message":"Server is running on port 3000","timestamp":"2024-04-21T05:52:10.750Z"}
{"level":"info","message":"File uploaded successfully by (Username: jjdhsdjhjjjdshddddd)","timestamp":"2024-04-21T05:52:33.723Z"}
{"level":"info","message":"Connected to MongoDB","timestamp":"2024-04-21T05:54:51.138Z"}
{"level":"info","message":"Server is running on port 3000","timestamp":"2024-04-21T05:54:51.145Z"}
{"level":"info","message":"Connected to MongoDB","timestamp":"2024-04-21T05:55:36.164Z"}
{"level":"info","message":"Server is running on port 3000","timestamp":"2024-04-21T05:55:36.168Z"}
{"level":"info","message":"Connected to MongoDB","timestamp":"2024-04-21T05:55:46.035Z"}
{"level":"info","message":"Server is running on port 3000","timestamp":"2024-04-21T05:55:46.039Z"}
{"level":"info","message":"Connected to MongoDB","timestamp":"2024-04-21T05:55:51.149Z"}
{"level":"info","message":"Server is running on port 3000","timestamp":"2024-04-21T05:55:51.155Z"}
{"level":"info","message":"Connected to MongoDB","timestamp":"2024-04-21T06:58:04.086Z"}
{"level":"info","message":"Server is running on port 3000","timestamp":"2024-04-21T06:58:04.091Z"}
{"level":"info","message":"Login successful for user jjdhsdjhjjjdshddddd","timestamp":"2024-04-21T06:58:41.300Z"}
{"level":"info","message":"File uploaded successfully by (Username: jjdhsdjhjjjdshddddd)","timestamp":"2024-04-21T06:59:18.257Z"}
{"code":"NoSuchKey","level":"error","message":"Error retrieving file: The specified key does not exist.","region":null,"requestId":"17C839A09D6E97D3","retryDelay":2.0034567816331617,"retryable":false,"stack":"NoSuchKey: The specified key does not exist.\n    at Request.extractError (C:\\Users\\Anjana Kj\\PycharmProjects\\JusticeVaults\\backend\\node_modules\\aws-sdk\\lib\\services\\s3.js:712:35)\n    at Request.callListeners (C:\\Users\\Anjana Kj\\PycharmProjects\\JusticeVaults\\backend\\node_modules\\aws-sdk\\lib\\sequential_executor.js:106:20)\n    at Request.emit (C:\\Users\\Anjana Kj\\PycharmProjects\\JusticeVaults\\backend\\node_modules\\aws-sdk\\lib\\sequential_executor.js:78:10)\n    at Request.emit (C:\\Users\\Anjana Kj\\PycharmProjects\\JusticeVaults\\backend\\node_modules\\aws-sdk\\lib\\request.js:686:14)\n    at Request.transition (C:\\Users\\Anjana Kj\\PycharmProjects\\JusticeVaults\\backend\\node_modules\\aws-sdk\\lib\\request.js:22:10)\n    at AcceptorStateMachine.runTo (C:\\Users\\Anjana Kj\\PycharmProjects\\JusticeVaults\\backend\\node_modules\\aws-sdk\\lib\\state_machine.js:14:12)\n    at C:\\Users\\Anjana Kj\\PycharmProjects\\JusticeVaults\\backend\\node_modules\\aws-sdk\\lib\\state_machine.js:26:10\n    at Request.<anonymous> (C:\\Users\\Anjana Kj\\PycharmProjects\\JusticeVaults\\backend\\node_modules\\aws-sdk\\lib\\request.js:38:9)\n    at Request.<anonymous> (C:\\Users\\Anjana Kj\\PycharmProjects\\JusticeVaults\\backend\\node_modules\\aws-sdk\\lib\\request.js:688:12)\n    at Request.callListeners (C:\\Users\\Anjana Kj\\PycharmProjects\\JusticeVaults\\backend\\node_modules\\aws-sdk\\lib\\sequential_executor.js:116:18)","statusCode":404,"time":"2024-04-21T07:03:40.986Z","timestamp":"2024-04-21T07:03:40.989Z"}
{"code":"NoSuchKey","level":"error","message":"Error retrieving file: The specified key does not exist.","region":null,"requestId":"17C839D661ECED06","retryDelay":72.0631575110954,"retryable":false,"stack":"NoSuchKey: The specified key does not exist.\n    at Request.extractError (C:\\Users\\Anjana Kj\\PycharmProjects\\JusticeVaults\\backend\\node_modules\\aws-sdk\\lib\\services\\s3.js:712:35)\n    at Request.callListeners (C:\\Users\\Anjana Kj\\PycharmProjects\\JusticeVaults\\backend\\node_modules\\aws-sdk\\lib\\sequential_executor.js:106:20)\n    at Request.emit (C:\\Users\\Anjana Kj\\PycharmProjects\\JusticeVaults\\backend\\node_modules\\aws-sdk\\lib\\sequential_executor.js:78:10)\n    at Request.emit (C:\\Users\\Anjana Kj\\PycharmProjects\\JusticeVaults\\backend\\node_modules\\aws-sdk\\lib\\request.js:686:14)\n    at Request.transition (C:\\Users\\Anjana Kj\\PycharmProjects\\JusticeVaults\\backend\\node_modules\\aws-sdk\\lib\\request.js:22:10)\n    at AcceptorStateMachine.runTo (C:\\Users\\Anjana Kj\\PycharmProjects\\JusticeVaults\\backend\\node_modules\\aws-sdk\\lib\\state_machine.js:14:12)\n    at C:\\Users\\Anjana Kj\\PycharmProjects\\JusticeVaults\\backend\\node_modules\\aws-sdk\\lib\\state_machine.js:26:10\n    at Request.<anonymous> (C:\\Users\\Anjana Kj\\PycharmProjects\\JusticeVaults\\backend\\node_modules\\aws-sdk\\lib\\request.js:38:9)\n    at Request.<anonymous> (C:\\Users\\Anjana Kj\\PycharmProjects\\JusticeVaults\\backend\\node_modules\\aws-sdk\\lib\\request.js:688:12)\n    at Request.callListeners (C:\\Users\\Anjana Kj\\PycharmProjects\\JusticeVaults\\backend\\node_modules\\aws-sdk\\lib\\sequential_executor.js:116:18)","statusCode":404,"time":"2024-04-21T07:07:31.891Z","timestamp":"2024-04-21T07:07:31.892Z"}
{"level":"info","message":"Connected to MongoDB","timestamp":"2024-04-21T07:08:05.968Z"}
{"level":"info","message":"Server is running on port 3000","timestamp":"2024-04-21T07:08:05.974Z"}
{"level":"info","message":"Connected to MongoDB","timestamp":"2024-04-21T07:08:44.706Z"}
{"level":"info","message":"Server is running on port 3000","timestamp":"2024-04-21T07:08:44.721Z"}
{"level":"info","message":"Connected to MongoDB","timestamp":"2024-04-21T07:11:29.496Z"}
{"level":"info","message":"Server is running on port 3000","timestamp":"2024-04-21T07:11:29.501Z"}
{"level":"info","message":"Connected to MongoDB","timestamp":"2024-04-21T07:11:55.728Z"}
{"level":"info","message":"Server is running on port 3000","timestamp":"2024-04-21T07:11:55.738Z"}
{"level":"info","message":"Connected to MongoDB","timestamp":"2024-04-21T07:15:20.043Z"}
{"level":"info","message":"Server is running on port 3000","timestamp":"2024-04-21T07:15:20.051Z"}
{"level":"info","message":"Connected to MongoDB","timestamp":"2024-04-21T07:15:24.314Z"}
{"level":"info","message":"Server is running on port 3000","timestamp":"2024-04-21T07:15:24.319Z"}
{"level":"info","message":"Connected to MongoDB","timestamp":"2024-04-21T07:15:30.312Z"}
{"level":"info","message":"Server is running on port 3000","timestamp":"2024-04-21T07:15:30.323Z"}
{"level":"info","message":"Connected to MongoDB","timestamp":"2024-04-21T07:15:36.380Z"}
{"level":"info","message":"Server is running on port 3000","timestamp":"2024-04-21T07:15:36.391Z"}
{"level":"info","message":"Connected to MongoDB","timestamp":"2024-04-21T07:15:48.624Z"}
{"level":"info","message":"Server is running on port 3000","timestamp":"2024-04-21T07:15:48.629Z"}
{"level":"info","message":"Connected to MongoDB","timestamp":"2024-04-21T07:15:56.420Z"}
{"level":"info","message":"Server is running on port 3000","timestamp":"2024-04-21T07:15:56.424Z"}
{"level":"info","message":"Connected to MongoDB","timestamp":"2024-04-21T07:16:02.575Z"}
{"level":"info","message":"Server is running on port 3000","timestamp":"2024-04-21T07:16:02.587Z"}
{"level":"info","message":"Connected to MongoDB","timestamp":"2024-04-21T07:16:11.926Z"}
{"level":"info","message":"Server is running on port 3000","timestamp":"2024-04-21T07:16:11.932Z"}
{"level":"info","message":"Connected to MongoDB","timestamp":"2024-04-21T07:16:17.585Z"}
{"level":"info","message":"Server is running on port 3000","timestamp":"2024-04-21T07:16:17.596Z"}
{"level":"info","message":"Connected to MongoDB","timestamp":"2024-04-21T07:16:19.256Z"}
{"level":"info","message":"Server is running on port 3000","timestamp":"2024-04-21T07:16:19.263Z"}
{"level":"info","message":"Connected to MongoDB","timestamp":"2024-04-21T07:16:21.097Z"}
{"level":"info","message":"Server is running on port 3000","timestamp":"2024-04-21T07:16:21.106Z"}
{"level":"info","message":"Connected to MongoDB","timestamp":"2024-04-21T07:16:27.207Z"}
{"level":"info","message":"Server is running on port 3000","timestamp":"2024-04-21T07:16:27.216Z"}
{"level":"info","message":"Connected to MongoDB","timestamp":"2024-04-21T07:16:32.443Z"}
{"level":"info","message":"Server is running on port 3000","timestamp":"2024-04-21T07:16:32.450Z"}
{"level":"info","message":"Connected to MongoDB","timestamp":"2024-04-21T07:16:34.249Z"}
{"level":"info","message":"Server is running on port 3000","timestamp":"2024-04-21T07:16:34.254Z"}
{"level":"info","message":"Connected to MongoDB","timestamp":"2024-04-21T07:16:36.220Z"}
{"level":"info","message":"Server is running on port 3000","timestamp":"2024-04-21T07:16:36.226Z"}
{"level":"error","message":"File with key 00437f5055b80de1f72a802ca45ba4d0b10d3f6eaaeba25d43e628558c942763 not found","timestamp":"2024-04-21T07:16:41.462Z"}
{"level":"info","message":"Connected to MongoDB","timestamp":"2024-04-21T07:17:24.205Z"}
{"level":"info","message":"Server is running on port 3000","timestamp":"2024-04-21T07:17:24.212Z"}
{"level":"error","message":"File with key 00437f5055b80de1f72a802ca45ba4d0b10d3f6eaaeba25d43e628558c942763 not found","timestamp":"2024-04-21T07:17:27.760Z"}
{"level":"error","message":"File with key 00437f5055b80de1f72a802ca45ba4d0b10d3f6eaaeba25d43e628558c942763 not found","timestamp":"2024-04-21T07:17:33.588Z"}
{"level":"info","message":"Connected to MongoDB","timestamp":"2024-04-21T07:17:54.142Z"}
{"level":"info","message":"Server is running on port 3000","timestamp":"2024-04-21T07:17:54.158Z"}
{"level":"error","message":"File with key 00437f5055b80de1f72a802ca45ba4d0b10d3f6eaaeba25d43e628558c942763 not found","timestamp":"2024-04-21T07:17:57.151Z"}
{"level":"info","message":"Connected to MongoDB","timestamp":"2024-04-21T07:18:52.145Z"}
{"level":"info","message":"Server is running on port 3000","timestamp":"2024-04-21T07:18:52.158Z"}
{"level":"info","message":"Connected to MongoDB","timestamp":"2024-04-21T07:18:57.905Z"}
{"level":"info","message":"Server is running on port 3000","timestamp":"2024-04-21T07:18:57.913Z"}
{"level":"info","message":"Connected to MongoDB","timestamp":"2024-04-21T07:19:38.633Z"}
{"level":"info","message":"Server is running on port 3000","timestamp":"2024-04-21T07:19:38.645Z"}
{"level":"error","message":"File with key 00437f5055b80de1f72a802ca45ba4d0b10d3f6eaaeba25d43e628558c942763 not found","timestamp":"2024-04-21T07:21:03.533Z"}
{"level":"info","message":"Connected to MongoDB","timestamp":"2024-04-21T07:21:29.908Z"}
{"level":"info","message":"Server is running on port 3000","timestamp":"2024-04-21T07:21:29.916Z"}
{"level":"info","message":"Connected to MongoDB","timestamp":"2024-04-21T07:21:48.514Z"}
{"level":"info","message":"Server is running on port 3000","timestamp":"2024-04-21T07:21:48.520Z"}
{"level":"info","message":"Connected to MongoDB","timestamp":"2024-04-21T07:22:08.052Z"}
{"level":"info","message":"Server is running on port 3000","timestamp":"2024-04-21T07:22:08.059Z"}
{"level":"info","message":"Connected to MongoDB","timestamp":"2024-04-21T07:23:56.961Z"}
{"level":"info","message":"Server is running on port 3000","timestamp":"2024-04-21T07:23:56.970Z"}
>>>>>>> aa613999094eccf54d91a2575319a90dd60cac58
